<?xml version="1.0" encoding="UTF-8"?>
<!-- Generated by org.testng.reporters.JUnitReportReporter -->
<testsuite skipped="0" hostname="DESKTOP-7HVSB5O" name="com.Flipkart.testCases.TC_005_SelectToyTest" tests="1" failures="0" timestamp="2022-07-15T18:52:31 IST" time="11.215" errors="0">
  <testcase name="SelectToyTest" time="11.215" classname="com.Flipkart.testCases.TC_005_SelectToyTest"/>
</testsuite> <!-- com.Flipkart.testCases.TC_005_SelectToyTest -->
