<?xml version="1.0" encoding="UTF-8"?>
<!-- Generated by org.testng.reporters.JUnitReportReporter -->
<testsuite skipped="0" hostname="DESKTOP-7HVSB5O" name="com.Flipkart.testCases.TC_001_LoginTest" tests="1" failures="0" timestamp="2022-07-15T18:52:31 IST" time="4.223" errors="0">
  <testcase name="LoginTest" time="4.223" classname="com.Flipkart.testCases.TC_001_LoginTest"/>
</testsuite> <!-- com.Flipkart.testCases.TC_001_LoginTest -->
