<?xml version="1.0" encoding="UTF-8"?>
<!-- Generated by org.testng.reporters.JUnitReportReporter -->
<testsuite skipped="0" hostname="DESKTOP-7HVSB5O" name="com.Flipkart.testCases.TC_002_LogOutTest" tests="1" failures="0" timestamp="2022-07-15T18:52:31 IST" time="10.450" errors="0">
  <testcase name="LogoutTest" time="10.450" classname="com.Flipkart.testCases.TC_002_LogOutTest"/>
</testsuite> <!-- com.Flipkart.testCases.TC_002_LogOutTest -->
