<?xml version="1.0" encoding="UTF-8"?>
<!-- Generated by org.testng.reporters.JUnitReportReporter -->
<testsuite skipped="0" hostname="DESKTOP-7HVSB5O" name="com.Flipkart.testCases.TC_003_CartTest" tests="1" failures="0" timestamp="2022-07-15T18:52:31 IST" time="9.295" errors="0">
  <testcase name="CartTest" time="9.295" classname="com.Flipkart.testCases.TC_003_CartTest"/>
</testsuite> <!-- com.Flipkart.testCases.TC_003_CartTest -->
