<?xml version="1.0" encoding="UTF-8"?>
<!-- Generated by org.testng.reporters.JUnitReportReporter -->
<testsuite skipped="0" hostname="DESKTOP-7HVSB5O" name="com.Flipkart.testCases.TC_004_BecomeSellerTest" tests="1" failures="0" timestamp="2022-07-15T19:59:38 IST" time="13.009" errors="0">
  <testcase name="BecomeSellerTest" time="13.009" classname="com.Flipkart.testCases.TC_004_BecomeSellerTest"/>
</testsuite> <!-- com.Flipkart.testCases.TC_004_BecomeSellerTest -->
